<?xml version="1.0" encoding="UTF-8"?>
<!-- Generated by org.testng.reporters.JUnitReportReporter -->
<testsuite hostname="BLR-LAP-015" failures="0" tests="1" name="com.w2a.testcases.CreateAccountTest" time="29.519" errors="0" timestamp="15 Feb 2021 10:13:06 GMT" skipped="0">
  <testcase classname="com.w2a.testcases.CreateAccountTest" name="createAccountTest" time="29.519"/>
</testsuite> <!-- com.w2a.testcases.CreateAccountTest -->
