<?xml version="1.0" encoding="UTF-8"?>
<!-- Generated by org.testng.reporters.JUnitReportReporter -->
<testsuite hostname="BLR-LAP-015" failures="0" tests="1" name="com.w2a.testcases.LoginTest" time="16.358" errors="0" timestamp="13 Feb 2021 01:35:00 GMT" skipped="0">
  <testcase classname="com.w2a.testcases.LoginTest" name="loginTest" time="16.358"/>
</testsuite> <!-- com.w2a.testcases.LoginTest -->
