<?xml version="1.0" encoding="UTF-8"?>
<!-- Generated by org.testng.reporters.JUnitReportReporter -->
<testsuite hostname="BLR-LAP-015" failures="0" tests="1" name="com.w2a.testcases.LoginTest" time="9.387" errors="0" timestamp="26 Feb 2021 04:52:33 GMT" skipped="0">
  <testcase classname="com.w2a.testcases.LoginTest" name="loginTest" time="9.387"/>
</testsuite> <!-- com.w2a.testcases.LoginTest -->
